Arguments: 
  /usr/local/bin/node /usr/local/bin/yarn init -y

PATH: 
  /Users/christinaprofit/opt/anaconda3/bin:/Users/christinaprofit/opt/anaconda3/condabin:/Library/Frameworks/Python.framework/Versions/3.10/bin:/usr/local/bin:/usr/bin:/bin:/usr/sbin:/sbin:/usr/local/go/bin:/usr/local/share/dotnet:~/.dotnet/tools:/Library/Apple/usr/bin:/Users/christinaprofit/.cargo/bin

Yarn version: 
  1.22.19

Node version: 
  18.15.0

Platform: 
  darwin arm64

Trace: 
  SyntaxError: /Users/christinaprofit/Downloads/Cen3031 Final Project/package.json: Unexpected token { in JSON at position 6
      at JSON.parse (<anonymous>)
      at /usr/local/lib/node_modules/yarn/lib/cli.js:1629:59
      at Generator.next (<anonymous>)
      at step (/usr/local/lib/node_modules/yarn/lib/cli.js:310:30)
      at /usr/local/lib/node_modules/yarn/lib/cli.js:321:13

npm manifest: 
  No manifest

yarn manifest: 
  No manifest

Lockfile: 
  No lockfile
